<?xml version="1.0" encoding="UTF-8"?>
<!-- Generated by org.testng.reporters.JUnitXMLReporter -->
<testsuite hostname="Sunny" ignored="0" name="Test" tests="5" failures="1" timestamp="03 Jul 2018 16:14:58 GMT" time="318.947" errors="0">
  <testcase name="testVerifyVersion" time="19.017" classname="com.actitime.tests.VerifyActitimeVersionTest"/>
  <testcase name="testVerifyBuild" time="40.402" classname="com.actitime.tests.VerifyBuildNumberTest"/>
  <testcase name="testInvalidLogin" time="28.052" classname="com.actitime.tests.InvalidLoginTest"/>
  <testcase name="testOpenCompletedTaskTest" time="28.562" classname="com.actitime.tests.OpenCompletedTask"/>
  <testcase name="testvalidLoginLogout" time="32.619" classname="com.actitime.tests.ValidLoginLogoutTest">
    <failure type="java.lang.AssertionError" message="null">
      <![CDATA[java.lang.AssertionError: null
at com.actitime.generics.Basepage.verifyTitle(Basepage.java:40)
at com.actitime.pages.LoginPage.verifyTheTitle(LoginPage.java:51)
at com.actitime.tests.ValidLoginLogoutTest.testvalidLoginLogout(ValidLoginLogoutTest.java:43)
... Removed 27 stack frames]]>
    </failure>
  </testcase> <!-- testvalidLoginLogout -->
</testsuite> <!-- Test -->
