<?xml version="1.0" encoding="UTF-8"?>
<!-- Generated by org.testng.reporters.JUnitXMLReporter -->
<testsuite hostname="Sunny" ignored="0" name="Test(failed)" tests="1" failures="1" timestamp="13 Jun 2018 12:01:13 GMT" time="82.897" errors="0">
  <testcase name="testOpenCompletedTaskTest" time="41.95" classname="com.actitime.tests.OpenCompletedTask">
    <failure type="java.lang.AssertionError" message="null">
      <![CDATA[java.lang.AssertionError: null
at com.actitime.generics.Basepage.verifyTitle(Basepage.java:42)
at com.actitime.pages.EnterTimeTrackPage.verifyTheTitle(EnterTimeTrackPage.java:23)
at com.actitime.tests.OpenCompletedTask.testOpenCompletedTaskTest(OpenCompletedTask.java:44)
... Removed 27 stack frames]]>
    </failure>
  </testcase> <!-- testOpenCompletedTaskTest -->
</testsuite> <!-- Test(failed) -->
